  aicontroller.cpp
  Generando código...
  Compilando...
  utils.cpp
  stages.cpp
c:\users\usuario\documents\enginyeria informàtica\tje\jocs_e\game\src\stages.cpp(94): warning C4305: 'argumento': truncamiento de 'double' a 'GLclampf'
  playercontroller.cpp
c:\users\usuario\documents\enginyeria informàtica\tje\jocs_e\game\src\playercontroller.cpp(97): warning C4305: 'argumento': truncamiento de 'double' a 'float'
  main.cpp
  game_entities.cpp
  game.cpp
  Generando código...
  Omitiendo... (no se detectaron cambios relevantes)
  scene.cpp
  bulletmanager.cpp
aicontroller.obj : warning LNK4075: se omite '/EDITANDCONTINUE' debido a la especificación '/OPT:LBR'
LINK : warning LNK4098: la biblioteca predeterminada'LIBCMT' entra en conflicto con otras bibliotecas; use la biblioteca /NODEFAULTLIB:biblioteca
glew32s.lib(glew.obj) : warning LNK4099: no se encontró PDB 'vc120.pdb' con 'glew32s.lib(glew.obj)' o en 'C:\Users\usuario\Documents\Enginyeria Informàtica\TJE\jocs_e\game\vc120.pdb'; se vinculará el objeto sin tener en cuenta información de depuración
  visualstudio.vcxproj -> C:\Users\usuario\Documents\Enginyeria Informàtica\TJE\jocs_e\game\visualstudio15\VS2015\..\..\visualstudio_debug.exe
  visualstudio.vcxproj -> ..\..\visualstudio_debug.pdb (Full PDB)
